<?xml version="1.0" encoding="UTF-8"?>
<!-- Generated by org.testng.reporters.JUnitReportReporter -->
<testsuite hostname="LAPTOP-EUED7H98" failures="0" tests="1" name="Package2.ClassThree" time="0.004" errors="0" timestamp="2022-11-30T11:19:13 IST" skipped="0">
  <testcase classname="Package2.ClassThree" name="Method3" time="0.004"/>
  <system-out/>
</testsuite> <!-- Package2.ClassThree -->
