<?xml version="1.0" encoding="UTF-8"?>
<!-- Generated by org.testng.reporters.JUnitReportReporter -->
<testsuite hostname="LAPTOP-EUED7H98" failures="0" tests="1" name="DemoMaven_TestNG.MyFisrtProgram" time="17.489" errors="0" timestamp="2022-11-30T11:19:13 IST" skipped="0">
  <testcase classname="DemoMaven_TestNG.MyFisrtProgram" name="Method1" time="17.489"/>
  <system-out/>
</testsuite> <!-- DemoMaven_TestNG.MyFisrtProgram -->
