<?xml version="1.0" encoding="UTF-8"?>
<!-- Generated by org.testng.reporters.JUnitReportReporter -->
<testsuite hostname="LAPTOP-EUED7H98" failures="0" tests="1" name="Package1.ClassTwo" time="0.018" errors="0" timestamp="2022-11-30T11:19:13 IST" skipped="0">
  <testcase classname="Package1.ClassTwo" name="Mehtod2" time="0.018"/>
  <system-out/>
</testsuite> <!-- Package1.ClassTwo -->
