<?xml version="1.0" encoding="UTF-8"?>
<!-- Generated by org.testng.reporters.JUnitReportReporter -->
<testsuite hostname="LAPTOP-EUED7H98" failures="0" tests="1" name="Demo.Maven_TestNG.MyFisrtProgram" time="7.367" errors="0" timestamp="2022-11-17T12:00:56 IST" skipped="0">
  <testcase classname="Demo.Maven_TestNG.MyFisrtProgram" name="Method1" time="7.367"/>
  <system-out/>
</testsuite> <!-- Demo.Maven_TestNG.MyFisrtProgram -->
