<?xml version="1.0" encoding="UTF-8"?>
<!-- Generated by org.testng.reporters.JUnitReportReporter -->
<testsuite hostname="LAPTOP-EUED7H98" failures="0" tests="1" name="com.Utility.Base" time="10.003" errors="0" timestamp="2022-12-08T17:36:47 IST" skipped="0">
  <testcase classname="com.Utility.Base" name="Method" time="10.003"/>
  <system-out/>
</testsuite> <!-- com.Utility.Base -->
